g:\opiskelu\projektit\koodaus\c++\charkka\defectus\debug\vc140.pdb
g:\opiskelu\projektit\koodaus\c++\charkka\defectus\debug\vc140.idb
g:\opiskelu\projektit\koodaus\c++\charkka\defectus\debug\game.obj
g:\opiskelu\projektit\koodaus\c++\charkka\defectus\debug\move.obj
g:\opiskelu\projektit\koodaus\c++\charkka\defectus\debug\character.obj
g:\opiskelu\projektit\koodaus\c++\charkka\defectus\debug\event.obj
g:\opiskelu\projektit\koodaus\c++\charkka\defectus\debug\main.obj
g:\opiskelu\projektit\koodaus\c++\charkka\defectus\debug\zone.obj
g:\opiskelu\projektit\koodaus\c++\charkka\defectus\debug\bullet.obj
g:\opiskelu\projektit\koodaus\c++\charkka\defectus\debug\collision.obj
g:\opiskelu\projektit\koodaus\c++\charkka\defectus\debug\liike.obj
g:\opiskelu\projektit\koodaus\c++\charkka\defectus\debug\motion.obj
g:\opiskelu\projektit\koodaus\c++\charkka\defectus\debug\draw.obj
f:\opiskelu\projektit\koodaus\c++\charkka\defectus\debug\vc140.pdb
f:\opiskelu\projektit\koodaus\c++\charkka\defectus\debug\vc140.idb
f:\opiskelu\projektit\koodaus\c++\charkka\defectus\debug\bullet.obj
f:\opiskelu\projektit\koodaus\c++\charkka\defectus\debug\collision.obj
f:\opiskelu\projektit\koodaus\c++\charkka\defectus\debug\draw.obj
f:\opiskelu\projektit\koodaus\c++\charkka\defectus\debug\event.obj
f:\opiskelu\projektit\koodaus\c++\charkka\defectus\debug\game.obj
f:\opiskelu\projektit\koodaus\c++\charkka\defectus\debug\main.obj
f:\opiskelu\projektit\koodaus\c++\charkka\defectus\debug\motion.obj
f:\opiskelu\projektit\koodaus\c++\charkka\defectus\debug\zone.obj
f:\opiskelu\projektit\koodaus\c++\charkka\debug\defectus.ilk
f:\opiskelu\projektit\koodaus\c++\charkka\debug\defectus.exe
f:\opiskelu\projektit\koodaus\c++\charkka\debug\defectus.pdb
g:\opiskelu\projektit\koodaus\c++\charkka\debug\defectus.ilk
g:\opiskelu\projektit\koodaus\c++\charkka\debug\defectus.exe
g:\opiskelu\projektit\koodaus\c++\charkka\debug\defectus.pdb
f:\opiskelu\projektit\koodaus\c++\charkka\defectus\debug\liike.obj
f:\opiskelu\projektit\koodaus\c++\charkka\defectus\debug\move.obj
f:\opiskelu\projektit\koodaus\c++\charkka\defectus\debug\defectus.tlog\cl.command.1.tlog
f:\opiskelu\projektit\koodaus\c++\charkka\defectus\debug\defectus.tlog\cl.read.1.tlog
f:\opiskelu\projektit\koodaus\c++\charkka\defectus\debug\defectus.tlog\cl.write.1.tlog
f:\opiskelu\projektit\koodaus\c++\charkka\defectus\debug\defectus.tlog\link.command.1.tlog
f:\opiskelu\projektit\koodaus\c++\charkka\defectus\debug\defectus.tlog\link.read.1.tlog
f:\opiskelu\projektit\koodaus\c++\charkka\defectus\debug\defectus.tlog\link.write.1.tlog
